    OpenRGB v0.9
    Commit:  from 
    Launched: 20240722_194922
====================================================================================================

1039  |Info:    Saving detector settings
1040  |Info:    ------------------------------------------------------
1040  |Info:    |               Start device detection               |
1040  |Info:    ------------------------------------------------------
1040  |Info:    Initializing HID interfaces: Success
1046  |Info:    ------------------------------------------------------
1046  |Info:    |             Detecting I2C interfaces               |
1046  |Info:    ------------------------------------------------------
1047  |Info:    Registering I2C interface: /dev/i2c-3 Device 1002:1681 Subsystem: 1025:159E
1047  |Warning: [i2c_smbus_linux] Failed to read i2c device PCI device ID
1047  |Info:    Registering I2C interface: /dev/i2c-20 Device 0000:0000 Subsystem: 0000:0000
1047  |Info:    Registering I2C interface: /dev/i2c-10 Device 1002:1681 Subsystem: 1025:159E
1047  |Info:    Registering I2C interface: /dev/i2c-1 Device 10DE:25A2 Subsystem: 1025:159E
1047  |Warning: [i2c_smbus_linux] Failed to read i2c device PCI device ID
1047  |Info:    Registering I2C interface: /dev/i2c-19 Device 0000:0000 Subsystem: 0000:0000
1047  |Warning: [i2c_smbus_linux] Failed to read i2c device PCI device ID
1047  |Info:    Registering I2C interface: /dev/i2c-17 Device 0000:0000 Subsystem: 0000:0000
1047  |Info:    Registering I2C interface: /dev/i2c-8 Device 1002:1681 Subsystem: 1025:159E
1047  |Warning: [i2c_smbus_linux] Failed to read i2c device PCI device ID
1047  |Info:    Registering I2C interface: /dev/i2c-15 Device 0000:0000 Subsystem: 0000:0000
1048  |Info:    Registering I2C interface: /dev/i2c-6 Device 1002:1681 Subsystem: 1025:159E
1048  |Info:    Registering I2C interface: /dev/i2c-23 Device 1022:790B Subsystem: 1025:159E
1048  |Warning: [i2c_smbus_linux] Failed to read i2c device PCI device ID
1048  |Info:    Registering I2C interface: /dev/i2c-13 Device 0000:0000 Subsystem: 0000:0000
1048  |Info:    Registering I2C interface: /dev/i2c-4 Device 1002:1681 Subsystem: 1025:159E
1048  |Info:    Registering I2C interface: /dev/i2c-21 Device 1022:790B Subsystem: 1025:159E
1048  |Info:    Registering I2C interface: /dev/i2c-11 Device 1002:1681 Subsystem: 1025:159E
1048  |Info:    Registering I2C interface: /dev/i2c-2 Device 10DE:25A2 Subsystem: 1025:159E
1048  |Info:    Registering I2C interface: /dev/i2c-0 Device 0000:0000 Subsystem: 0000:0000
1048  |Warning: [i2c_smbus_linux] Failed to read i2c device PCI device ID
1048  |Info:    Registering I2C interface: /dev/i2c-18 Device 0000:0000 Subsystem: 0000:0000
1048  |Warning: [i2c_smbus_linux] Failed to read i2c device PCI device ID
1048  |Info:    Registering I2C interface: /dev/i2c-SYNA7DB5:01 Device 0000:0000 Subsystem: 0000:0000
1049  |Warning: [i2c_smbus_linux] Failed to read i2c device PCI device ID
1049  |Info:    Registering I2C interface: /dev/i2c-16 Device 0000:0000 Subsystem: 0000:0000
1049  |Info:    Registering I2C interface: /dev/i2c-7 Device 1002:1681 Subsystem: 1025:159E
1049  |Warning: [i2c_smbus_linux] Failed to read i2c device PCI device ID
1049  |Info:    Registering I2C interface: /dev/i2c-14 Device 0000:0000 Subsystem: 0000:0000
1049  |Info:    Registering I2C interface: /dev/i2c-5 Device 1002:1681 Subsystem: 1025:159E
1049  |Info:    Registering I2C interface: /dev/i2c-22 Device 1022:790B Subsystem: 1025:159E
1049  |Warning: [i2c_smbus_linux] Failed to read i2c device PCI device ID
1049  |Info:    Registering I2C interface: /dev/i2c-12 Device 0000:0000 Subsystem: 0000:0000
1049  |Info:    ------------------------------------------------------
1049  |Info:    |               Detecting I2C devices                |
1049  |Info:    ------------------------------------------------------
2832  |Info:    ------------------------------------------------------
2832  |Info:    |               Detecting I2C PCI devices            |
2832  |Info:    ------------------------------------------------------
2832  |Info:    ------------------------------------------------------
2832  |Info:    |               Detecting HID devices                |
2832  |Info:    ------------------------------------------------------
2833  |Info:    ------------------------------------------------------
2833  |Info:    |            Detecting libusb HID devices            |
2833  |Info:    ------------------------------------------------------
2881  |Info:    ------------------------------------------------------
2881  |Info:    |              Detecting other devices               |
2881  |Info:    ------------------------------------------------------
2891  |Info:    ------------------------------------------------------
2891  |Info:    |                Detection completed                 |
2891  |Info:    ------------------------------------------------------
2891  |Dialog:  <h2>WARNING:</h2><p>One or more I2C/SMBus interfaces failed to initialize.</p><p>RGB DRAM modules and some motherboards' onboard RGB lighting will not be available without I2C/SMBus.</p><p>On Linux, this is usually because the i2c-dev module is not loaded.  You must load the i2c-dev module along with the correct i2c driver for your motherboard.  This is usually i2c-piix4 for AMD systems and i2c-i801 for Intel systems.</p><p>See <a href='https://help.openrgb.org/'>help.openrgb.org</a> for additional troubleshooting steps if you keep seeing this message.<br></p>
