
2024/07/22 (19:21:36) | ===> btop++ v.1.3.2
2024/07/22 (19:21:36) | WARNING: NVML: Failed to get maximum GPU power draw, defaulting to 225W: Not Supported

2024/07/22 (19:23:08) | ===> btop++ v.1.3.2
2024/07/22 (19:23:08) | WARNING: NVML: Failed to get maximum GPU power draw, defaulting to 225W: Not Supported

2024/07/22 (19:56:55) | ===> btop++ v.1.3.2
2024/07/22 (19:56:55) | WARNING: NVML: Failed to get maximum GPU power draw, defaulting to 225W: Not Supported

2024/07/22 (20:03:51) | ===> btop++ v.1.3.2
2024/07/22 (20:03:51) | WARNING: NVML: Failed to get maximum GPU power draw, defaulting to 225W: Not Supported

2024/07/23 (06:43:51) | ===> btop++ v.1.3.2
2024/07/23 (06:43:51) | WARNING: NVML: Failed to get maximum GPU power draw, defaulting to 225W: Not Supported

2024/07/23 (06:44:10) | ===> btop++ v.1.3.2
2024/07/23 (06:44:10) | WARNING: NVML: Failed to get maximum GPU power draw, defaulting to 225W: Not Supported

2024/07/23 (19:32:13) | ===> btop++ v.1.3.2
2024/07/23 (19:32:13) | WARNING: NVML: Failed to get maximum GPU power draw, defaulting to 225W: Not Supported

2024/07/23 (21:10:19) | ===> btop++ v.1.3.2
2024/07/23 (21:10:19) | WARNING: NVML: Failed to get maximum GPU power draw, defaulting to 225W: Not Supported

2024/07/23 (21:10:33) | ===> btop++ v.1.3.2
2024/07/23 (21:10:33) | WARNING: NVML: Failed to get maximum GPU power draw, defaulting to 225W: Not Supported

2024/07/25 (21:04:21) | ===> btop++ v.1.3.2
2024/07/25 (21:04:21) | WARNING: NVML: Failed to get maximum GPU power draw, defaulting to 225W: Not Supported

2024/07/27 (15:39:25) | ===> btop++ v.1.3.2
2024/07/27 (15:39:25) | WARNING: NVML: Failed to get maximum GPU power draw, defaulting to 225W: Not Supported

2024/07/28 (14:04:54) | ===> btop++ v.1.3.2
2024/07/28 (14:04:54) | WARNING: NVML: Failed to get maximum GPU power draw, defaulting to 225W: Not Supported

2024/07/28 (14:18:30) | ===> btop++ v.1.3.2
2024/07/28 (14:18:30) | WARNING: NVML: Failed to get maximum GPU power draw, defaulting to 225W: Not Supported

2024/07/28 (14:57:56) | ===> btop++ v.1.3.2
2024/07/28 (14:57:56) | WARNING: NVML: Failed to get maximum GPU power draw, defaulting to 225W: Not Supported

2024/07/28 (14:59:02) | ===> btop++ v.1.3.2
2024/07/28 (14:59:02) | WARNING: NVML: Failed to get maximum GPU power draw, defaulting to 225W: Not Supported

2024/07/28 (18:33:29) | ===> btop++ v.1.3.2
2024/07/28 (18:33:29) | WARNING: NVML: Failed to get maximum GPU power draw, defaulting to 225W: Not Supported

2024/07/28 (18:35:17) | ===> btop++ v.1.3.2
2024/07/28 (18:35:17) | WARNING: NVML: Failed to get maximum GPU power draw, defaulting to 225W: Not Supported

2024/07/29 (22:51:14) | ===> btop++ v.1.3.2
2024/07/29 (22:51:14) | WARNING: NVML: Failed to get maximum GPU power draw, defaulting to 225W: Not Supported

2024/07/30 (18:43:22) | ===> btop++ v.1.3.2
2024/07/30 (18:43:22) | WARNING: NVML: Failed to get maximum GPU power draw, defaulting to 225W: Not Supported

2024/07/30 (20:59:12) | ===> btop++ v.1.3.2
2024/07/30 (20:59:12) | WARNING: NVML: Failed to get maximum GPU power draw, defaulting to 225W: Not Supported

2024/08/01 (19:57:35) | ===> btop++ v.1.3.2
2024/08/01 (19:57:35) | WARNING: NVML: Failed to get maximum GPU power draw, defaulting to 225W: Not Supported

2024/08/04 (10:45:16) | ===> btop++ v.1.3.2
2024/08/04 (10:45:16) | WARNING: NVML: Failed to get maximum GPU power draw, defaulting to 225W: Not Supported

2024/08/04 (15:11:21) | ===> btop++ v.1.3.2
2024/08/04 (15:11:21) | WARNING: NVML: Failed to get maximum GPU power draw, defaulting to 225W: Not Supported

2024/08/04 (20:32:50) | ===> btop++ v.1.3.2
2024/08/04 (20:32:50) | WARNING: NVML: Failed to get maximum GPU power draw, defaulting to 225W: Not Supported

2024/08/05 (20:41:41) | ===> btop++ v.1.3.2
2024/08/05 (20:41:41) | WARNING: NVML: Failed to get maximum GPU power draw, defaulting to 225W: Not Supported

2024/08/07 (20:53:40) | ===> btop++ v.1.3.2
2024/08/07 (20:53:40) | WARNING: NVML: Failed to get maximum GPU power draw, defaulting to 225W: Not Supported

2024/08/08 (18:08:35) | ===> btop++ v.1.3.2
2024/08/08 (18:08:35) | WARNING: NVML: Failed to get maximum GPU power draw, defaulting to 225W: Not Supported

2024/08/08 (18:11:15) | ===> btop++ v.1.3.2
2024/08/08 (18:11:15) | WARNING: NVML: Failed to get maximum GPU power draw, defaulting to 225W: Not Supported

2024/08/08 (18:11:25) | ===> btop++ v.1.3.2
2024/08/08 (18:11:25) | WARNING: NVML: Failed to get maximum GPU power draw, defaulting to 225W: Not Supported

2024/08/08 (19:11:21) | ===> btop++ v.1.3.2
2024/08/08 (19:11:21) | WARNING: NVML: Failed to get maximum GPU power draw, defaulting to 225W: Not Supported

2024/08/08 (21:10:58) | ===> btop++ v.1.3.2
2024/08/08 (21:10:58) | WARNING: NVML: Failed to get maximum GPU power draw, defaulting to 225W: Not Supported

2024/08/09 (20:02:25) | ===> btop++ v.1.3.2
2024/08/09 (20:02:25) | WARNING: NVML: Failed to get maximum GPU power draw, defaulting to 225W: Not Supported

2024/08/10 (09:28:03) | ===> btop++ v.1.3.2
2024/08/10 (09:28:03) | WARNING: NVML: Failed to get maximum GPU power draw, defaulting to 225W: Not Supported

2024/08/10 (15:43:58) | ===> btop++ v.1.3.2
2024/08/10 (15:43:58) | WARNING: NVML: Failed to get maximum GPU power draw, defaulting to 225W: Not Supported

2024/08/10 (18:07:25) | ===> btop++ v.1.3.2
2024/08/10 (18:07:25) | WARNING: NVML: Failed to get maximum GPU power draw, defaulting to 225W: Not Supported

2024/08/10 (19:44:02) | ===> btop++ v.1.3.2
2024/08/10 (19:44:02) | WARNING: NVML: Failed to get maximum GPU power draw, defaulting to 225W: Not Supported

2024/08/11 (16:19:50) | ===> btop++ v.1.3.2
2024/08/11 (16:19:50) | WARNING: NVML: Failed to get maximum GPU power draw, defaulting to 225W: Not Supported

2024/08/11 (20:23:59) | ===> btop++ v.1.3.2
2024/08/11 (20:23:59) | WARNING: NVML: Failed to get maximum GPU power draw, defaulting to 225W: Not Supported

2024/08/12 (10:44:14) | ===> btop++ v.1.3.2
2024/08/12 (10:44:14) | WARNING: NVML: Failed to get maximum GPU power draw, defaulting to 225W: Not Supported

2024/08/12 (10:44:25) | ===> btop++ v.1.3.2
2024/08/12 (10:44:25) | WARNING: NVML: Failed to get maximum GPU power draw, defaulting to 225W: Not Supported

2024/08/12 (10:44:36) | ===> btop++ v.1.3.2
2024/08/12 (10:44:36) | WARNING: NVML: Failed to get maximum GPU power draw, defaulting to 225W: Not Supported

2024/08/12 (15:53:53) | ===> btop++ v.1.3.2
2024/08/12 (15:53:53) | WARNING: NVML: Failed to get maximum GPU power draw, defaulting to 225W: Not Supported

2024/08/12 (22:09:39) | ===> btop++ v.1.3.2
2024/08/12 (22:09:39) | WARNING: NVML: Failed to get maximum GPU power draw, defaulting to 225W: Not Supported

2024/08/13 (19:16:44) | ===> btop++ v.1.3.2
2024/08/13 (19:16:44) | WARNING: NVML: Failed to get maximum GPU power draw, defaulting to 225W: Not Supported

2024/08/13 (19:17:36) | ===> btop++ v.1.3.2
2024/08/13 (19:17:36) | WARNING: NVML: Failed to get maximum GPU power draw, defaulting to 225W: Not Supported

2024/08/13 (21:19:00) | ===> btop++ v.1.3.2
2024/08/13 (21:19:00) | WARNING: NVML: Failed to get maximum GPU power draw, defaulting to 225W: Not Supported

2024/08/15 (08:58:42) | ===> btop++ v.1.3.2
2024/08/15 (08:58:42) | WARNING: NVML: Failed to get maximum GPU power draw, defaulting to 225W: Not Supported

2024/08/15 (09:10:53) | ===> btop++ v.1.3.2
2024/08/15 (09:10:53) | WARNING: NVML: Failed to get maximum GPU power draw, defaulting to 225W: Not Supported

2024/08/15 (19:26:26) | ===> btop++ v.1.3.2
2024/08/15 (19:26:26) | WARNING: NVML: Failed to get maximum GPU power draw, defaulting to 225W: Not Supported

2024/08/15 (19:31:24) | ===> btop++ v.1.3.2
2024/08/15 (19:31:24) | WARNING: NVML: Failed to get maximum GPU power draw, defaulting to 225W: Not Supported

2024/08/15 (19:32:49) | ===> btop++ v.1.3.2
2024/08/15 (19:32:49) | WARNING: NVML: Failed to get maximum GPU power draw, defaulting to 225W: Not Supported

2024/08/15 (21:36:21) | ===> btop++ v.1.3.2
2024/08/15 (21:36:21) | WARNING: NVML: Failed to get maximum GPU power draw, defaulting to 225W: Not Supported

2024/08/15 (22:22:16) | ===> btop++ v.1.3.2
2024/08/15 (22:22:16) | WARNING: NVML: Failed to get maximum GPU power draw, defaulting to 225W: Not Supported

2024/08/15 (22:29:19) | ===> btop++ v.1.3.2
2024/08/15 (22:29:19) | WARNING: NVML: Failed to get maximum GPU power draw, defaulting to 225W: Not Supported

2024/08/16 (18:27:04) | ===> btop++ v.1.3.2
2024/08/16 (18:27:04) | WARNING: NVML: Failed to get maximum GPU power draw, defaulting to 225W: Not Supported

2024/08/16 (18:28:26) | ===> btop++ v.1.3.2
2024/08/16 (18:28:26) | WARNING: NVML: Failed to get maximum GPU power draw, defaulting to 225W: Not Supported

2024/08/16 (18:31:39) | ===> btop++ v.1.3.2
2024/08/16 (18:31:39) | WARNING: NVML: Failed to get maximum GPU power draw, defaulting to 225W: Not Supported

2024/08/16 (18:34:20) | ===> btop++ v.1.3.2
2024/08/16 (18:34:20) | WARNING: NVML: Failed to get maximum GPU power draw, defaulting to 225W: Not Supported

2024/08/16 (20:13:07) | ===> btop++ v.1.3.2
2024/08/16 (20:13:07) | WARNING: NVML: Failed to get maximum GPU power draw, defaulting to 225W: Not Supported

2024/08/17 (11:28:10) | ===> btop++ v.1.3.2
2024/08/17 (11:28:10) | WARNING: NVML: Failed to get maximum GPU power draw, defaulting to 225W: Not Supported
2024/08/17 (12:53:57) | ERROR: Stall in Runner thread, restarting!

2024/08/17 (12:54:07) | ===> btop++ v.1.3.2
2024/08/17 (12:54:07) | WARNING: NVML: Failed to get maximum GPU power draw, defaulting to 225W: Not Supported

2024/08/18 (08:30:01) | ===> btop++ v.1.3.2
2024/08/18 (08:30:01) | WARNING: NVML: Failed to get maximum GPU power draw, defaulting to 225W: Not Supported

2024/08/18 (14:09:17) | ===> btop++ v.1.3.2
2024/08/18 (14:09:17) | WARNING: NVML: Failed to get maximum GPU power draw, defaulting to 225W: Not Supported

2024/08/18 (16:46:11) | ===> btop++ v.1.3.2
2024/08/18 (16:46:11) | WARNING: NVML: Failed to get maximum GPU power draw, defaulting to 225W: Not Supported

2024/08/18 (17:29:51) | ===> btop++ v.1.3.2
2024/08/18 (17:29:51) | WARNING: NVML: Failed to get maximum GPU power draw, defaulting to 225W: Not Supported

2024/08/18 (22:08:33) | ===> btop++ v.1.3.2
2024/08/18 (22:08:33) | WARNING: NVML: Failed to get maximum GPU power draw, defaulting to 225W: Not Supported

2024/08/19 (11:01:50) | ===> btop++ v.1.3.2
2024/08/19 (11:01:50) | WARNING: NVML: Failed to get maximum GPU power draw, defaulting to 225W: Not Supported

2024/08/19 (11:39:39) | ===> btop++ v.1.3.2
2024/08/19 (11:39:39) | WARNING: NVML: Failed to get maximum GPU power draw, defaulting to 225W: Not Supported

2024/08/19 (12:21:59) | ===> btop++ v.1.3.2
2024/08/19 (12:21:59) | WARNING: NVML: Failed to get maximum GPU power draw, defaulting to 225W: Not Supported

2024/08/19 (12:22:45) | ===> btop++ v.1.3.2
2024/08/19 (12:22:45) | WARNING: NVML: Failed to get maximum GPU power draw, defaulting to 225W: Not Supported

2024/08/19 (12:23:21) | ===> btop++ v.1.3.2
2024/08/19 (12:23:21) | WARNING: NVML: Failed to get maximum GPU power draw, defaulting to 225W: Not Supported

2024/08/19 (13:23:56) | ===> btop++ v.1.3.2
2024/08/19 (13:23:56) | WARNING: NVML: Failed to get maximum GPU power draw, defaulting to 225W: Not Supported

2024/08/19 (13:25:46) | ===> btop++ v.1.3.2
2024/08/19 (13:25:46) | WARNING: NVML: Failed to get maximum GPU power draw, defaulting to 225W: Not Supported

2024/08/19 (13:38:45) | ===> btop++ v.1.3.2
2024/08/19 (13:38:45) | WARNING: NVML: Failed to get maximum GPU power draw, defaulting to 225W: Not Supported

2024/08/19 (13:50:45) | ===> btop++ v.1.3.2
2024/08/19 (13:50:45) | WARNING: NVML: Failed to get maximum GPU power draw, defaulting to 225W: Not Supported

2024/08/19 (15:44:32) | ===> btop++ v.1.3.2
2024/08/19 (15:44:32) | WARNING: NVML: Failed to get maximum GPU power draw, defaulting to 225W: Not Supported

2024/08/19 (15:46:59) | ===> btop++ v.1.3.2
2024/08/19 (15:46:59) | WARNING: NVML: Failed to get maximum GPU power draw, defaulting to 225W: Not Supported

2024/08/19 (17:13:52) | ===> btop++ v.1.3.2
2024/08/19 (17:13:52) | WARNING: NVML: Failed to get maximum GPU power draw, defaulting to 225W: Not Supported

2024/08/19 (20:24:54) | ===> btop++ v.1.3.2
2024/08/19 (20:24:54) | WARNING: NVML: Failed to get maximum GPU power draw, defaulting to 225W: Not Supported

2024/08/21 (21:55:24) | ===> btop++ v.1.3.2
2024/08/21 (21:55:24) | WARNING: NVML: Failed to get maximum GPU power draw, defaulting to 225W: Not Supported

2024/08/22 (21:18:33) | ===> btop++ v.1.3.2
2024/08/22 (21:18:33) | WARNING: NVML: Failed to get maximum GPU power draw, defaulting to 225W: Not Supported

2024/08/22 (22:57:17) | ===> btop++ v.1.3.2
2024/08/22 (22:57:17) | WARNING: NVML: Failed to get maximum GPU power draw, defaulting to 225W: Not Supported

2024/08/23 (19:31:08) | ===> btop++ v.1.3.2
2024/08/23 (19:31:08) | WARNING: NVML: Failed to get maximum GPU power draw, defaulting to 225W: Not Supported

2024/08/23 (21:05:19) | ===> btop++ v.1.3.2
2024/08/23 (21:05:19) | WARNING: NVML: Failed to get maximum GPU power draw, defaulting to 225W: Not Supported

2024/08/23 (22:12:46) | ===> btop++ v.1.3.2
2024/08/23 (22:12:46) | WARNING: NVML: Failed to get maximum GPU power draw, defaulting to 225W: Not Supported

2024/08/23 (22:40:59) | ===> btop++ v.1.3.2
2024/08/23 (22:40:59) | WARNING: NVML: Failed to get maximum GPU power draw, defaulting to 225W: Not Supported

2024/08/23 (22:48:43) | ===> btop++ v.1.3.2
2024/08/23 (22:48:43) | WARNING: NVML: Failed to get maximum GPU power draw, defaulting to 225W: Not Supported

2024/08/24 (13:25:25) | ===> btop++ v.1.3.2
2024/08/24 (13:25:25) | WARNING: NVML: Failed to get maximum GPU power draw, defaulting to 225W: Not Supported

2024/08/24 (14:49:57) | ===> btop++ v.1.3.2
2024/08/24 (14:49:57) | WARNING: NVML: Failed to get maximum GPU power draw, defaulting to 225W: Not Supported

2024/08/24 (15:23:41) | ===> btop++ v.1.3.2
2024/08/24 (15:23:41) | WARNING: NVML: Failed to get maximum GPU power draw, defaulting to 225W: Not Supported

2024/08/24 (15:36:49) | ===> btop++ v.1.3.2
2024/08/24 (15:36:49) | WARNING: NVML: Failed to get maximum GPU power draw, defaulting to 225W: Not Supported

2024/08/24 (15:49:55) | ===> btop++ v.1.3.2
2024/08/24 (15:49:55) | WARNING: NVML: Failed to get maximum GPU power draw, defaulting to 225W: Not Supported

2024/08/24 (16:14:07) | ===> btop++ v.1.3.2
2024/08/24 (16:14:07) | WARNING: NVML: Failed to get maximum GPU power draw, defaulting to 225W: Not Supported

2024/08/24 (21:34:05) | ===> btop++ v.1.3.2
2024/08/24 (21:34:05) | WARNING: NVML: Failed to get maximum GPU power draw, defaulting to 225W: Not Supported

2024/08/24 (21:34:16) | ===> btop++ v.1.3.2
2024/08/24 (21:34:16) | WARNING: NVML: Failed to get maximum GPU power draw, defaulting to 225W: Not Supported

2024/08/24 (22:00:33) | ===> btop++ v.1.3.2
2024/08/24 (22:00:33) | WARNING: NVML: Failed to get maximum GPU power draw, defaulting to 225W: Not Supported

2024/08/24 (22:00:57) | ===> btop++ v.1.3.2
2024/08/24 (22:00:57) | WARNING: NVML: Failed to get maximum GPU power draw, defaulting to 225W: Not Supported

2024/08/25 (01:04:51) | ===> btop++ v.1.3.2
2024/08/25 (01:04:51) | WARNING: NVML: Failed to get maximum GPU power draw, defaulting to 225W: Not Supported

2024/08/25 (12:24:36) | ===> btop++ v.1.3.2
2024/08/25 (12:24:36) | WARNING: NVML: Failed to get maximum GPU power draw, defaulting to 225W: Not Supported

2024/08/26 (21:56:26) | ===> btop++ v.1.3.2
2024/08/26 (21:56:26) | WARNING: NVML: Failed to get maximum GPU power draw, defaulting to 225W: Not Supported

2024/08/27 (09:40:06) | ===> btop++ v.1.3.2
2024/08/27 (09:40:06) | WARNING: NVML: Failed to get maximum GPU power draw, defaulting to 225W: Not Supported

2024/08/27 (10:03:31) | ===> btop++ v.1.3.2
2024/08/27 (10:03:31) | WARNING: NVML: Failed to get maximum GPU power draw, defaulting to 225W: Not Supported

2024/08/27 (18:48:25) | ===> btop++ v.1.3.2
2024/08/27 (18:48:25) | WARNING: NVML: Failed to get maximum GPU power draw, defaulting to 225W: Not Supported

2024/08/27 (18:51:33) | ===> btop++ v.1.3.2
2024/08/27 (18:51:33) | WARNING: NVML: Failed to get maximum GPU power draw, defaulting to 225W: Not Supported

2024/08/27 (22:12:12) | ===> btop++ v.1.3.2
2024/08/27 (22:12:12) | WARNING: NVML: Failed to get maximum GPU power draw, defaulting to 225W: Not Supported

2024/08/28 (20:47:28) | ===> btop++ v.1.3.2
2024/08/28 (20:47:28) | WARNING: NVML: Failed to get maximum GPU power draw, defaulting to 225W: Not Supported

2024/08/28 (22:14:14) | ===> btop++ v.1.3.2
2024/08/28 (22:14:14) | WARNING: NVML: Failed to get maximum GPU power draw, defaulting to 225W: Not Supported

2024/08/28 (22:15:34) | ===> btop++ v.1.3.2
2024/08/28 (22:15:34) | WARNING: NVML: Failed to get maximum GPU power draw, defaulting to 225W: Not Supported

2024/08/29 (19:41:09) | ===> btop++ v.1.3.2
2024/08/29 (19:41:09) | WARNING: NVML: Failed to get maximum GPU power draw, defaulting to 225W: Not Supported

2024/08/31 (22:31:42) | ===> btop++ v.1.3.2
2024/08/31 (22:31:42) | WARNING: NVML: Failed to get maximum GPU power draw, defaulting to 225W: Not Supported

2024/09/01 (13:04:28) | ===> btop++ v.1.3.2
2024/09/01 (13:04:28) | WARNING: NVML: Failed to get maximum GPU power draw, defaulting to 225W: Not Supported

2024/09/01 (13:10:03) | ===> btop++ v.1.3.2
2024/09/01 (13:10:03) | WARNING: NVML: Failed to get maximum GPU power draw, defaulting to 225W: Not Supported

2024/09/01 (16:18:55) | ===> btop++ v.1.3.2
2024/09/01 (16:18:55) | WARNING: NVML: Failed to get maximum GPU power draw, defaulting to 225W: Not Supported

2024/09/01 (16:51:36) | ===> btop++ v.1.3.2
2024/09/01 (16:51:36) | WARNING: NVML: Failed to get maximum GPU power draw, defaulting to 225W: Not Supported
2024/09/01 (18:39:19) | ERROR: Couldn't determine terminal size of "STDOUT_FILENO"!
2024/09/01 (18:39:19) | ERROR: Couldn't determine terminal size of "/dev/tty"!

2024/09/03 (21:59:17) | ===> btop++ v.1.3.2
2024/09/03 (21:59:17) | WARNING: NVML: Failed to get maximum GPU power draw, defaulting to 225W: Not Supported

2024/09/03 (22:08:01) | ===> btop++ v.1.3.2
2024/09/03 (22:08:01) | WARNING: NVML: Failed to get maximum GPU power draw, defaulting to 225W: Not Supported
